[debug] [2018-05-14T18:52:32.499Z] ----------------------------------------------------------------------
[debug] [2018-05-14T18:52:32.507Z] Command:       C:\Program Files\nodejs\node.exe C:\Users\Administrator\AppData\Roaming\npm\node_modules\firebase-tools\bin\firebase deploy
[debug] [2018-05-14T18:52:32.508Z] CLI Version:   3.18.4
[debug] [2018-05-14T18:52:32.508Z] Platform:      win32
[debug] [2018-05-14T18:52:32.508Z] Node Version:  v8.11.1
[debug] [2018-05-14T18:52:32.510Z] Time:          Mon May 14 2018 19:52:32 GMT+0100 (GMT Summer Time)
[debug] [2018-05-14T18:52:32.510Z] ----------------------------------------------------------------------
[debug] 
[debug] [2018-05-14T18:52:32.525Z] > command requires scopes: ["email","openid","https://www.googleapis.com/auth/cloudplatformprojects.readonly","https://www.googleapis.com/auth/firebase","https://www.googleapis.com/auth/cloud-platform"]
[debug] [2018-05-14T18:52:32.525Z] > authorizing via signed-in user
[debug] [2018-05-14T18:52:32.530Z] > refreshing access token with scopes: ["email","https://www.googleapis.com/auth/cloud-platform","https://www.googleapis.com/auth/cloudplatformprojects.readonly","https://www.googleapis.com/auth/firebase","openid"]
[debug] [2018-05-14T18:52:32.530Z] >>> HTTP REQUEST POST https://www.googleapis.com/oauth2/v3/token  
 { refresh_token: '1/8S1O4GYed5RsyHKdcpwVRW91XOYyNMsFTJ6DgHvw39w',
  client_id: '563584335869-fgrhgmd47bqnekij5i8b5pr03ho849e6.apps.googleusercontent.com',
  client_secret: 'j9iVZfS8kkCEFUPaAeJV0sAi',
  grant_type: 'refresh_token',
  scope: 'email https://www.googleapis.com/auth/cloud-platform https://www.googleapis.com/auth/cloudplatformprojects.readonly https://www.googleapis.com/auth/firebase openid' } 
 Mon May 14 2018 19:52:32 GMT+0100 (GMT Summer Time)
[debug] [2018-05-14T18:52:33.000Z] <<< HTTP RESPONSE 200
[debug] [2018-05-14T18:52:33.033Z] >>> HTTP REQUEST GET https://admin.firebase.com/v1/projects/freelogin-b4cb6  
  
 Mon May 14 2018 19:52:33 GMT+0100 (GMT Summer Time)
[debug] [2018-05-14T18:52:33.949Z] <<< HTTP RESPONSE 200
[debug] [2018-05-14T18:52:33.950Z] >>> HTTP REQUEST GET https://admin.firebase.com/v1/database/freelogin-b4cb6/tokens  
  
 Mon May 14 2018 19:52:33 GMT+0100 (GMT Summer Time)
[debug] [2018-05-14T18:52:34.609Z] <<< HTTP RESPONSE 200
[info] 
[info] === Deploying to 'freelogin-b4cb6'...
[info] 
[info] i  deploying hosting
[info] i  hosting: preparing public directory for upload...
[debug] [2018-05-14T18:52:46.447Z] >>> HTTP REQUEST PUT https://deploy.firebase.com/v1/hosting/freelogin-b4cb6/uploads/-LCUzoZQy2y7xjrgaQgm?fileCount=513&message=  
  
 Mon May 14 2018 19:52:46 GMT+0100 (GMT Summer Time)
